<?xml version="1.0" encoding="UTF-8"?>
<!-- Generated by org.testng.reporters.JUnitReportReporter -->
<testsuite hostname="DESKTOP-LBB6QBB" failures="0" tests="4" name="testCases.TC01_E2E_Test" time="31.870" errors="0" timestamp="2023-03-29T16:32:37 SAST" skipped="0">
  <testcase classname="testCases.TC01_E2E_Test" name="loginTest" time="6.231"/>
  <system-out/>
  <testcase classname="testCases.TC01_E2E_Test" name="AddToCartTest" time="9.518"/>
  <system-out/>
  <testcase classname="testCases.TC01_E2E_Test" name="checkout" time="14.583"/>
  <system-out/>
  <testcase classname="testCases.TC01_E2E_Test" name="tearDown" time="1.538"/>
  <system-out/>
</testsuite> <!-- testCases.TC01_E2E_Test -->
